{"C:\\Users\\steph\\Desktop\\Bachelorarbeit\\Code\\e-commerce-graphql-api\\src\\documentation\\generator.ts": {"path":"C:\\Users\\steph\\Desktop\\Bachelorarbeit\\Code\\e-commerce-graphql-api\\src\\documentation\\generator.ts","statementMap":{"0":{"start":{"line":1,"column":0},"end":{"line":1,"column":54}},"1":{"start":{"line":2,"column":0},"end":{"line":2,"column":36}},"2":{"start":{"line":3,"column":0},"end":{"line":3,"column":37}},"3":{"start":{"line":4,"column":0},"end":{"line":4,"column":48}},"4":{"start":{"line":5,"column":0},"end":{"line":5,"column":49}},"5":{"start":{"line":6,"column":0},"end":{"line":6,"column":33}},"6":{"start":{"line":8,"column":0},"end":{"line":8,"column":16}},"7":{"start":{"line":19,"column":4},"end":{"line":19,"column":25}},"8":{"start":{"line":28,"column":4},"end":{"line":83,"column":5}},"9":{"start":{"line":29,"column":30},"end":{"line":29,"column":45}},"10":{"start":{"line":30,"column":6},"end":{"line":30,"column":61}},"11":{"start":{"line":33,"column":21},"end":{"line":33,"column":49}},"12":{"start":{"line":34,"column":21},"end":{"line":34,"column":43}},"13":{"start":{"line":35,"column":6},"end":{"line":40,"column":7}},"14":{"start":{"line":36,"column":8},"end":{"line":36,"column":67}},"15":{"start":{"line":37,"column":8},"end":{"line":39,"column":10}},"16":{"start":{"line":38,"column":54},"end":{"line":38,"column":65}},"17":{"start":{"line":42,"column":21},"end":{"line":62,"column":8}},"18":{"start":{"line":64,"column":6},"end":{"line":64,"column":37}},"19":{"start":{"line":65,"column":6},"end":{"line":65,"column":62}},"20":{"start":{"line":67,"column":6},"end":{"line":67,"column":20}},"21":{"start":{"line":69,"column":25},"end":{"line":69,"column":45}},"22":{"start":{"line":70,"column":6},"end":{"line":81,"column":7}},"23":{"start":{"line":71,"column":8},"end":{"line":74,"column":11}},"24":{"start":{"line":75,"column":8},"end":{"line":75,"column":37}},"25":{"start":{"line":77,"column":8},"end":{"line":80,"column":10}},"26":{"start":{"line":82,"column":6},"end":{"line":82,"column":63}},"27":{"start":{"line":90,"column":4},"end":{"line":100,"column":6}},"28":{"start":{"line":15,"column":0},"end":{"line":15,"column":13}}},"fnMap":{"0":{"name":"(anonymous_10)","decl":{"start":{"line":18,"column":2},"end":{"line":18,"column":null}},"loc":{"start":{"line":18,"column":2},"end":{"line":20,"column":3}}},"1":{"name":"(anonymous_11)","decl":{"start":{"line":25,"column":9},"end":{"line":25,"column":14}},"loc":{"start":{"line":26,"column":27},"end":{"line":84,"column":3}}},"2":{"name":"(anonymous_12)","decl":{"start":{"line":38,"column":45},"end":{"line":38,"column":46}},"loc":{"start":{"line":38,"column":54},"end":{"line":38,"column":65}}},"3":{"name":"(anonymous_13)","decl":{"start":{"line":89,"column":10},"end":{"line":89,"column":25}},"loc":{"start":{"line":89,"column":25},"end":{"line":101,"column":3}}}},"branchMap":{"0":{"loc":{"start":{"line":35,"column":6},"end":{"line":40,"column":7}},"type":"if","locations":[{"start":{"line":35,"column":6},"end":{"line":40,"column":7}}]},"1":{"loc":{"start":{"line":44,"column":15},"end":{"line":44,"column":78}},"type":"binary-expr","locations":[{"start":{"line":44,"column":15},"end":{"line":44,"column":36}},{"start":{"line":44,"column":40},"end":{"line":44,"column":78}}]},"2":{"loc":{"start":{"line":45,"column":17},"end":{"line":45,"column":59}},"type":"binary-expr","locations":[{"start":{"line":45,"column":17},"end":{"line":45,"column":41}},{"start":{"line":45,"column":45},"end":{"line":45,"column":59}}]},"3":{"loc":{"start":{"line":46,"column":19},"end":{"line":46,"column":57}},"type":"binary-expr","locations":[{"start":{"line":46,"column":19},"end":{"line":46,"column":45}},{"start":{"line":46,"column":49},"end":{"line":46,"column":57}}]},"4":{"loc":{"start":{"line":70,"column":6},"end":{"line":81,"column":7}},"type":"if","locations":[{"start":{"line":70,"column":6},"end":{"line":81,"column":7}},{"start":{"line":76,"column":13},"end":{"line":81,"column":7}}]}},"s":{"0":1,"1":1,"2":1,"3":1,"4":1,"5":1,"6":1,"7":1,"8":1,"9":1,"10":1,"11":1,"12":0,"13":0,"14":0,"15":0,"16":0,"17":0,"18":0,"19":0,"20":0,"21":1,"22":1,"23":1,"24":1,"25":0,"26":1,"27":0,"28":1},"f":{"0":1,"1":1,"2":0,"3":0},"b":{"0":[0],"1":[0,0],"2":[0,0],"3":[0,0],"4":[1,0]}}
,"C:\\Users\\steph\\Desktop\\Bachelorarbeit\\Code\\e-commerce-graphql-api\\src\\schema\\index.ts": {"path":"C:\\Users\\steph\\Desktop\\Bachelorarbeit\\Code\\e-commerce-graphql-api\\src\\schema\\index.ts","statementMap":{"0":{"start":{"line":1,"column":0},"end":{"line":1,"column":53}},"1":{"start":{"line":2,"column":0},"end":{"line":2,"column":58}},"2":{"start":{"line":3,"column":0},"end":{"line":3,"column":29}},"3":{"start":{"line":4,"column":0},"end":{"line":4,"column":37}},"4":{"start":{"line":6,"column":19},"end":{"line":8,"column":2}},"5":{"start":{"line":9,"column":0},"end":{"line":9,"column":62}},"6":{"start":{"line":11,"column":13},"end":{"line":11,"column":50}}},"fnMap":{},"branchMap":{},"s":{"0":1,"1":1,"2":1,"3":1,"4":1,"5":1,"6":1},"f":{},"b":{}}
,"C:\\Users\\steph\\Desktop\\Bachelorarbeit\\Code\\e-commerce-graphql-api\\src\\utils\\logger.ts": {"path":"C:\\Users\\steph\\Desktop\\Bachelorarbeit\\Code\\e-commerce-graphql-api\\src\\utils\\logger.ts","statementMap":{"0":{"start":{"line":1,"column":0},"end":{"line":1,"column":59}},"1":{"start":{"line":2,"column":0},"end":{"line":2,"column":24}},"2":{"start":{"line":3,"column":0},"end":{"line":3,"column":20}},"3":{"start":{"line":4,"column":0},"end":{"line":4,"column":33}},"4":{"start":{"line":5,"column":57},"end":{"line":5,"column":63}},"5":{"start":{"line":7,"column":0},"end":{"line":7,"column":16}},"6":{"start":{"line":15,"column":16},"end":{"line":15,"column":22}},"7":{"start":{"line":16,"column":22},"end":{"line":16,"column":29}},"8":{"start":{"line":17,"column":18},"end":{"line":17,"column":19}},"9":{"start":{"line":20,"column":0},"end":{"line":22,"column":1}},"10":{"start":{"line":21,"column":2},"end":{"line":21,"column":45}},"11":{"start":{"line":25,"column":18},"end":{"line":35,"column":null}},"12":{"start":{"line":27,"column":14},"end":{"line":27,"column":73}},"13":{"start":{"line":30,"column":4},"end":{"line":32,"column":5}},"14":{"start":{"line":31,"column":6},"end":{"line":31,"column":46}},"15":{"start":{"line":34,"column":4},"end":{"line":34,"column":15}},"16":{"start":{"line":39,"column":15},"end":{"line":79,"column":2}},"17":{"start":{"line":82,"column":23},"end":{"line":84,"column":1}},"18":{"start":{"line":83,"column":2},"end":{"line":83,"column":33}},"19":{"start":{"line":82,"column":13},"end":{"line":82,"column":23}},"20":{"start":{"line":86,"column":24},"end":{"line":91,"column":1}},"21":{"start":{"line":87,"column":2},"end":{"line":90,"column":5}},"22":{"start":{"line":86,"column":13},"end":{"line":86,"column":24}},"23":{"start":{"line":93,"column":26},"end":{"line":95,"column":1}},"24":{"start":{"line":94,"column":2},"end":{"line":94,"column":33}},"25":{"start":{"line":93,"column":13},"end":{"line":93,"column":26}},"26":{"start":{"line":97,"column":24},"end":{"line":99,"column":1}},"27":{"start":{"line":98,"column":2},"end":{"line":98,"column":34}},"28":{"start":{"line":97,"column":13},"end":{"line":97,"column":24}},"29":{"start":{"line":101,"column":0},"end":{"line":101,"column":22}}},"fnMap":{"0":{"name":"(anonymous_10)","decl":{"start":{"line":26,"column":2},"end":{"line":26,"column":3}},"loc":{"start":{"line":26,"column":58},"end":{"line":35,"column":3}}},"1":{"name":"(anonymous_11)","decl":{"start":{"line":82,"column":23},"end":{"line":82,"column":24}},"loc":{"start":{"line":82,"column":62},"end":{"line":84,"column":1}}},"2":{"name":"(anonymous_12)","decl":{"start":{"line":86,"column":24},"end":{"line":86,"column":25}},"loc":{"start":{"line":86,"column":59},"end":{"line":91,"column":1}}},"3":{"name":"(anonymous_13)","decl":{"start":{"line":93,"column":26},"end":{"line":93,"column":27}},"loc":{"start":{"line":93,"column":65},"end":{"line":95,"column":1}}},"4":{"name":"(anonymous_14)","decl":{"start":{"line":97,"column":24},"end":{"line":97,"column":25}},"loc":{"start":{"line":97,"column":63},"end":{"line":99,"column":1}}}},"branchMap":{"0":{"loc":{"start":{"line":20,"column":0},"end":{"line":22,"column":1}},"type":"if","locations":[{"start":{"line":20,"column":0},"end":{"line":22,"column":1}}]},"1":{"loc":{"start":{"line":27,"column":33},"end":{"line":27,"column":49}},"type":"binary-expr","locations":[{"start":{"line":27,"column":33},"end":{"line":27,"column":40}},{"start":{"line":27,"column":44},"end":{"line":27,"column":49}}]},"2":{"loc":{"start":{"line":30,"column":4},"end":{"line":32,"column":5}},"type":"if","locations":[{"start":{"line":30,"column":4},"end":{"line":32,"column":5}}]},"3":{"loc":{"start":{"line":40,"column":9},"end":{"line":40,"column":40}},"type":"binary-expr","locations":[{"start":{"line":40,"column":9},"end":{"line":40,"column":30}},{"start":{"line":40,"column":34},"end":{"line":40,"column":40}}]},"4":{"loc":{"start":{"line":43,"column":4},"end":{"line":45,"column":40}},"type":"cond-expr","locations":[{"start":{"line":44,"column":8},"end":{"line":44,"column":17}},{"start":{"line":45,"column":8},"end":{"line":45,"column":40}}]},"5":{"loc":{"start":{"line":89,"column":11},"end":{"line":89,"column":75}},"type":"cond-expr","locations":[{"start":{"line":89,"column":51},"end":{"line":89,"column":60}},{"start":{"line":89,"column":63},"end":{"line":89,"column":75}}]}},"s":{"0":1,"1":1,"2":1,"3":1,"4":1,"5":1,"6":1,"7":1,"8":1,"9":1,"10":0,"11":1,"12":6,"13":6,"14":4,"15":6,"16":1,"17":1,"18":0,"19":1,"20":1,"21":0,"22":1,"23":1,"24":0,"25":1,"26":1,"27":0,"28":1,"29":1},"f":{"0":6,"1":0,"2":0,"3":0,"4":0},"b":{"0":[0],"1":[6,6],"2":[4],"3":[1,1],"4":[0,1],"5":[0,0]}}
}
