TN:
SF:src\documentation\generator.ts
FN:18,(anonymous_10)
FN:25,(anonymous_11)
FN:38,(anonymous_12)
FN:89,(anonymous_13)
FNF:4
FNH:2
FNDA:1,(anonymous_10)
FNDA:1,(anonymous_11)
FNDA:0,(anonymous_12)
FNDA:0,(anonymous_13)
DA:1,1
DA:2,1
DA:3,1
DA:4,1
DA:5,1
DA:6,1
DA:8,1
DA:15,1
DA:19,1
DA:28,1
DA:29,1
DA:30,1
DA:33,1
DA:34,0
DA:35,0
DA:36,0
DA:37,0
DA:38,0
DA:42,0
DA:64,0
DA:65,0
DA:67,0
DA:69,1
DA:70,1
DA:71,1
DA:75,1
DA:77,0
DA:82,1
DA:90,0
LF:29
LH:18
BRDA:35,0,0,0
BRDA:44,1,0,0
BRDA:44,1,1,0
BRDA:45,2,0,0
BRDA:45,2,1,0
BRDA:46,3,0,0
BRDA:46,3,1,0
BRDA:70,4,0,1
BRDA:70,4,1,0
BRF:9
BRH:1
end_of_record
TN:
SF:src\schema\index.ts
FNF:0
FNH:0
DA:1,1
DA:2,1
DA:3,1
DA:4,1
DA:6,1
DA:9,1
DA:11,1
LF:7
LH:7
BRF:0
BRH:0
end_of_record
TN:
SF:src\utils\logger.ts
FN:26,(anonymous_10)
FN:82,(anonymous_11)
FN:86,(anonymous_12)
FN:93,(anonymous_13)
FN:97,(anonymous_14)
FNF:5
FNH:1
FNDA:6,(anonymous_10)
FNDA:0,(anonymous_11)
FNDA:0,(anonymous_12)
FNDA:0,(anonymous_13)
FNDA:0,(anonymous_14)
DA:1,1
DA:2,1
DA:3,1
DA:4,1
DA:5,1
DA:7,1
DA:15,1
DA:16,1
DA:17,1
DA:20,1
DA:21,0
DA:25,1
DA:27,6
DA:30,6
DA:31,4
DA:34,6
DA:39,1
DA:82,1
DA:83,0
DA:86,1
DA:87,0
DA:93,1
DA:94,0
DA:97,1
DA:98,0
DA:101,1
LF:26
LH:21
BRDA:20,0,0,0
BRDA:27,1,0,6
BRDA:27,1,1,6
BRDA:30,2,0,4
BRDA:40,3,0,1
BRDA:40,3,1,1
BRDA:43,4,0,0
BRDA:43,4,1,1
BRDA:89,5,0,0
BRDA:89,5,1,0
BRF:10
BRH:6
end_of_record
